<?xml version="1.0" encoding="UTF-8"?>
<!-- Generated by org.testng.reporters.JUnitReportReporter -->
<testsuite hostname="TusharPC" failures="0" tests="1" name="sample.FlipkartAssignTest" time="15.754" errors="0" timestamp="2021-04-01T15:16:50 IST" skipped="0">
  <testcase classname="sample.FlipkartAssignTest" name="getPriceModulenameReviewOfIphone" time="15.754"/>
  <system-out/>
</testsuite> <!-- sample.FlipkartAssignTest -->
